1        1   (0)      1  : 0.7032 0.2968
2        2   (0)      1  : 0.7201 0.2799
3        3   (0)      1  : 0.3328 0.6672
4        4   (0)      1  : 0.8931 0.1069
5        5   (0)      1  : 0.9557 0.0442
6        6   (0)      1  : 0.7956 0.2044
7        7   (0)      1  : 0.9566 0.0434
8        8   (0)      1  : 0.9761 0.0239
9        9   (0)      1  : 0.9520 0.0480
10       10   (0)      1  : 0.9125 0.0875
11       11   (0)      1  : 0.7853 0.2147
12       12   (0)      1  : 0.3855 0.6145
13       13   (0)      1  : 0.7910 0.2090
14       14   (0)      1  : 0.2105 0.7895
15       15   (0)      1  : 0.9542 0.0457
16       16   (0)      1  : 0.9353 0.0648
17       17   (0)      1  : 0.9083 0.0917
18       18   (0)      1  : 0.9291 0.0709
19       19   (0)      1  : 0.9541 0.0459
20       20   (0)      1  : 0.7981 0.2019
21       21   (0)      1  : 0.9045 0.0955
22       22   (0)      2  : 0.6184 0.3816
23       23   (0)      2  : 0.1132 0.8868
24       24   (0)      2  : 0.7139 0.2861
25       25   (0)      2  : 0.0399 0.9601
26       26   (0)      2  : 0.4401 0.5599
27       27   (0)      2  : 0.8134 0.1866
28       28   (0)      2  : 0.1432 0.8568
29       29   (0)      2  : 0.0851 0.9149
30       30   (0)      2  : 0.8508 0.1492
31       31   (0)      2  : 0.8169 0.1831
32       32   (0)      2  : 0.8135 0.1865
33       33   (0)      2  : 0.9330 0.0670
34       34   (0)      2  : 0.0531 0.9469
35       35   (0)      2  : 0.2421 0.7579
36       36   (0)      2  : 0.9524 0.0476
37       37   (0)      2  : 0.3734 0.6266
38       38   (0)      2  : 0.8491 0.1509
39       39   (0)      2  : 0.9090 0.0910
40       40   (0)      2  : 0.8882 0.1118
41       41   (0)      2  : 0.6646 0.3354
42       42   (0)      2  : 0.9369 0.0631
43       43   (0)      2  : 0.3499 0.6501
44       44   (0)      2  : 0.4266 0.5734
45       45   (0)      2  : 0.9388 0.0612
46       46   (0)      2  : 0.8391 0.1609
47       47   (0)      3  : 0.7694 0.2306
48       48   (0)      3  : 0.8638 0.1363
49       49   (0)      3  : 0.1421 0.8579
50       50   (0)      3  : 0.9414 0.0586
51       51   (0)      3  : 0.9343 0.0658
52       52   (0)      3  : 0.9465 0.0535
53       53   (0)      3  : 0.8910 0.1090
54       54   (0)      3  : 0.3440 0.6560
55       55   (0)      3  : 0.8772 0.1227
56       56   (0)      3  : 0.8059 0.1941
57       57   (0)      3  : 0.9579 0.0421
58       58   (0)      3  : 0.8196 0.1804
59       59   (0)      3  : 0.8541 0.1459
60       60   (0)      3  : 0.8822 0.1177
61       61   (0)      3  : 0.9609 0.0391
62       62   (0)      3  : 0.9573 0.0427
63       63   (0)      3  : 0.8275 0.1725
64       64   (0)      3  : 0.4676 0.5324
65       65   (0)      3  : 0.8465 0.1535
66       66   (0)      3  : 0.9517 0.0482
67       67   (0)      3  : 0.9334 0.0666
68       68   (0)      4  : 0.0520 0.9480
69       69   (0)      4  : 0.4146 0.5854
70       70   (0)      4  : 0.0534 0.9466
71       71   (0)      4  : 0.0555 0.9445
72       72   (0)      4  : 0.0611 0.9389
73       73   (0)      4  : 0.1954 0.8046
74       74   (0)      4  : 0.0866 0.9134
75       75   (0)      4  : 0.1024 0.8976
76       76   (0)      4  : 0.1110 0.8890
77       77   (0)      4  : 0.0521 0.9479
78       78   (0)      4  : 0.1374 0.8626
79       79   (0)      4  : 0.0860 0.9140
80       80   (0)      4  : 0.0541 0.9459
81       81   (0)      4  : 0.0377 0.9623
82       82   (0)      4  : 0.1455 0.8545
83       83   (0)      4  : 0.0501 0.9499
84       84   (0)      4  : 0.0486 0.9514
85       85   (0)      4  : 0.0462 0.9537
86       86   (0)      4  : 0.1016 0.8984
87       87   (0)      4  : 0.0711 0.9289
88       88   (0)      4  : 0.0476 0.9524
89       89   (0)      4  : 0.0489 0.9511
90       90   (0)      4  : 0.0345 0.9655
91       91   (0)      4  : 0.0720 0.9280
92       92   (0)      4  : 0.0235 0.9765
93       93   (0)      5  : 0.9561 0.0439
94       94   (0)      5  : 0.0763 0.9238
95       95   (0)      5  : 0.8836 0.1164
96       96   (0)      5  : 0.9632 0.0367
97       97   (0)      5  : 0.8536 0.1464
98       98   (0)      5  : 0.8436 0.1564
99       99   (0)      6  : 0.2909 0.7091
100      100   (0)      6  : 0.9089 0.0911
101      101   (0)      6  : 0.1970 0.8030
102      102   (0)      6  : 0.8642 0.1357
103      103   (0)      6  : 0.0828 0.9173
104      104   (0)      6  : 0.0668 0.9333
105      105   (0)      6  : 0.4138 0.5863
106      106   (0)      6  : 0.8150 0.1850
107      107   (0)      6  : 0.0325 0.9675
108      108   (0)      6  : 0.0284 0.9716
109      109   (0)      6  : 0.0601 0.9399
110      110   (0)      6  : 0.9371 0.0629
111      111   (0)      6  : 0.3839 0.6161
112      112   (0)      6  : 0.4924 0.5076
113      113   (0)      6  : 0.2695 0.7305
114      114   (0)      6  : 0.3412 0.6588
115      115   (0)      6  : 0.0451 0.9549
116      116   (0)      6  : 0.7426 0.2574
117      117   (0)      7  : 0.9622 0.0377
118      118   (0)      7  : 0.9620 0.0380
119      119   (0)      7  : 0.9581 0.0419
120      120   (0)      7  : 0.8664 0.1336
121      121   (0)      7  : 0.8266 0.1734
122      122   (0)      7  : 0.8889 0.1111
123      123   (0)      7  : 0.9416 0.0584
124      124   (0)      7  : 0.9081 0.0919
125      125   (0)      7  : 0.9308 0.0692
126      126   (0)      7  : 0.8967 0.1032
127      127   (0)      7  : 0.9271 0.0729
128      128   (0)      7  : 0.8018 0.1983
129      129   (0)      7  : 0.3850 0.6150
130      130   (0)      7  : 0.2201 0.7799
131      131   (0)      7  : 0.9505 0.0495
132      132   (0)      7  : 0.6169 0.3831
133      133   (0)      7  : 0.9050 0.0950
134      134   (0)      7  : 0.4188 0.5812
135      135   (0)      7  : 0.8371 0.1629
136      136   (0)      7  : 0.9324 0.0676
137      137   (0)      7  : 0.8779 0.1221
138      138   (0)      7  : 0.9203 0.0798
139      139   (0)      7  : 0.1499 0.8501
140      140   (0)      7  : 0.4690 0.5310
141      141   (0)      7  : 0.5005 0.4995
142      142   (0)      7  : 0.8928 0.1072
143      143   (0)      8  : 0.2209 0.7791
144      144   (0)      8  : 0.3566 0.6434
145      145   (0)      8  : 0.2245 0.7755
146      146   (0)      8  : 0.3159 0.6841
147      147   (0)      8  : 0.1900 0.8100
148      148   (0)      8  : 0.0340 0.9660
149      149   (0)      8  : 0.2383 0.7617
150      150   (0)      8  : 0.5468 0.4532
151      151   (0)      8  : 0.0385 0.9615
152      152   (0)      8  : 0.1991 0.8009
153      153   (0)      8  : 0.1269 0.8731
154      154   (0)      8  : 0.2432 0.7568
155      155   (0)      8  : 0.4922 0.5078
156      156   (0)      8  : 0.3869 0.6131
157      157   (0)      8  : 0.1574 0.8426
158      158   (0)      8  : 0.1162 0.8838
159      159   (0)      8  : 0.2165 0.7835
160      160   (0)      8  : 0.6585 0.3415
161      161   (0)      8  : 0.0640 0.9360
162      162   (0)      8  : 0.3740 0.6260
163      163   (0)      8  : 0.9557 0.0442
164      164   (0)      8  : 0.0658 0.9343
165      165   (0)      8  : 0.0534 0.9466
166      166   (0)      8  : 0.1209 0.8791
167      167   (0)      8  : 0.1723 0.8278
168      168   (0)      8  : 0.1797 0.8203
169      169   (0)      8  : 0.1620 0.8380
170      170   (0)      8  : 0.0471 0.9529
171      171   (0)      8  : 0.0883 0.9118
