1        1   (0)      1  : 0.9784 0.0216
2        2   (0)      1  : 0.9798 0.0203
3        3   (0)      1  : 0.9357 0.0643
4        4   (0)      1  : 0.9874 0.0126
5        5   (0)      1  : 0.9902 0.0097
6        6   (0)      1  : 0.9709 0.0291
7        7   (0)      1  : 0.9890 0.0110
8        8   (0)      1  : 0.9929 0.0071
9        9   (0)      1  : 0.9890 0.0110
10       10   (0)      1  : 0.9847 0.0153
11       11   (0)      1  : 0.9755 0.0245
12       12   (0)      1  : 0.9503 0.0498
13       13   (0)      1  : 0.9625 0.0375
14       14   (0)      1  : 0.8701 0.1299
15       15   (0)      1  : 0.9881 0.0119
16       16   (0)      1  : 0.9878 0.0123
17       17   (0)      1  : 0.9822 0.0177
18       18   (0)      1  : 0.9864 0.0136
19       19   (0)      1  : 0.9890 0.0110
20       20   (0)      1  : 0.9774 0.0226
21       21   (0)      1  : 0.9809 0.0191
22       22   (0)      2  : 0.7816 0.2184
23       23   (0)      2  : 0.3480 0.6520
24       24   (0)      2  : 0.7828 0.2172
25       25   (0)      2  : 0.1899 0.8101
26       26   (0)      2  : 0.7036 0.2964
27       27   (0)      2  : 0.8631 0.1369
28       28   (0)      2  : 0.3979 0.6021
29       29   (0)      2  : 0.2977 0.7023
30       30   (0)      2  : 0.8507 0.1492
31       31   (0)      2  : 0.7974 0.2026
32       32   (0)      2  : 0.8144 0.1856
33       33   (0)      2  : 0.9064 0.0936
34       34   (0)      2  : 0.2395 0.7605
35       35   (0)      2  : 0.4471 0.5529
36       36   (0)      2  : 0.9234 0.0766
37       37   (0)      2  : 0.6104 0.3896
38       38   (0)      2  : 0.8755 0.1245
39       39   (0)      2  : 0.9151 0.0849
40       40   (0)      2  : 0.8946 0.1054
41       41   (0)      2  : 0.8029 0.1971
42       42   (0)      2  : 0.9256 0.0744
43       43   (0)      2  : 0.7634 0.2366
44       44   (0)      2  : 0.6551 0.3449
45       45   (0)      2  : 0.9203 0.0798
46       46   (0)      2  : 0.8780 0.1220
47       47   (0)      3  : 0.8944 0.1056
48       48   (0)      3  : 0.9595 0.0405
49       49   (0)      3  : 0.5920 0.4080
50       50   (0)      3  : 0.9684 0.0316
51       51   (0)      3  : 0.9609 0.0391
52       52   (0)      3  : 0.9717 0.0282
53       53   (0)      3  : 0.9552 0.0447
54       54   (0)      3  : 0.8614 0.1386
55       55   (0)      3  : 0.9460 0.0540
56       56   (0)      3  : 0.9502 0.0497
57       57   (0)      3  : 0.9804 0.0196
58       58   (0)      3  : 0.9626 0.0374
59       59   (0)      3  : 0.9306 0.0694
60       60   (0)      3  : 0.9602 0.0397
61       61   (0)      3  : 0.9782 0.0217
62       62   (0)      3  : 0.9786 0.0214
63       63   (0)      3  : 0.9580 0.0420
64       64   (0)      3  : 0.8015 0.1985
65       65   (0)      3  : 0.9271 0.0729
66       66   (0)      3  : 0.9768 0.0232
67       67   (0)      3  : 0.9702 0.0297
68       68   (0)      4  : 0.0083 0.9917
69       69   (0)      4  : 0.0499 0.9501
70       70   (0)      4  : 0.0104 0.9896
71       71   (0)      4  : 0.0096 0.9904
72       72   (0)      4  : 0.0104 0.9896
73       73   (0)      4  : 0.0429 0.9571
74       74   (0)      4  : 0.0169 0.9831
75       75   (0)      4  : 0.0145 0.9855
76       76   (0)      4  : 0.0151 0.9849
77       77   (0)      4  : 0.0090 0.9910
78       78   (0)      4  : 0.0250 0.9750
79       79   (0)      4  : 0.0129 0.9871
80       80   (0)      4  : 0.0103 0.9898
81       81   (0)      4  : 0.0066 0.9934
82       82   (0)      4  : 0.0180 0.9820
83       83   (0)      4  : 0.0100 0.9900
84       84   (0)      4  : 0.0095 0.9905
85       85   (0)      4  : 0.0090 0.9910
86       86   (0)      4  : 0.0109 0.9891
87       87   (0)      4  : 0.0159 0.9841
88       88   (0)      4  : 0.0098 0.9902
89       89   (0)      4  : 0.0091 0.9909
90       90   (0)      4  : 0.0066 0.9934
91       91   (0)      4  : 0.0115 0.9885
92       92   (0)      4  : 0.0052 0.9948
93       93   (0)      5  : 0.9572 0.0427
94       94   (0)      5  : 0.3823 0.6178
95       95   (0)      5  : 0.9108 0.0892
96       96   (0)      5  : 0.9575 0.0425
97       97   (0)      5  : 0.9052 0.0948
98       98   (0)      5  : 0.8868 0.1133
99       99   (0)      6  : 0.4955 0.5045
100      100   (0)      6  : 0.7989 0.2011
101      101   (0)      6  : 0.4405 0.5595
102      102   (0)      6  : 0.7616 0.2384
103      103   (0)      6  : 0.3031 0.6969
104      104   (0)      6  : 0.2187 0.7812
105      105   (0)      6  : 0.5347 0.4652
106      106   (0)      6  : 0.7242 0.2757
107      107   (0)      6  : 0.1554 0.8446
108      108   (0)      6  : 0.1325 0.8675
109      109   (0)      6  : 0.2497 0.7502
110      110   (0)      6  : 0.8148 0.1852
111      111   (0)      6  : 0.4426 0.5574
112      112   (0)      6  : 0.5248 0.4753
113      113   (0)      6  : 0.4482 0.5517
114      114   (0)      6  : 0.4882 0.5118
115      115   (0)      6  : 0.2203 0.7797
116      116   (0)      6  : 0.5859 0.4141
117      117   (0)      7  : 0.9852 0.0147
118      118   (0)      7  : 0.9843 0.0158
119      119   (0)      7  : 0.9848 0.0153
120      120   (0)      7  : 0.9654 0.0346
121      121   (0)      7  : 0.9519 0.0481
122      122   (0)      7  : 0.9652 0.0348
123      123   (0)      7  : 0.9805 0.0195
124      124   (0)      7  : 0.9704 0.0296
125      125   (0)      7  : 0.9813 0.0188
126      126   (0)      7  : 0.9791 0.0209
127      127   (0)      7  : 0.9785 0.0215
128      128   (0)      7  : 0.9532 0.0467
129      129   (0)      7  : 0.9088 0.0912
130      130   (0)      7  : 0.8170 0.1830
131      131   (0)      7  : 0.9815 0.0185
132      132   (0)      7  : 0.9143 0.0857
133      133   (0)      7  : 0.9790 0.0210
134      134   (0)      7  : 0.9247 0.0752
135      135   (0)      7  : 0.9525 0.0475
136      136   (0)      7  : 0.9790 0.0210
137      137   (0)      7  : 0.9754 0.0246
138      138   (0)      7  : 0.9775 0.0225
139      139   (0)      7  : 0.6935 0.3065
140      140   (0)      7  : 0.9635 0.0365
141      141   (0)      7  : 0.9479 0.0521
142      142   (0)      7  : 0.9744 0.0256
143      143   (0)      8  : 0.2878 0.7122
144      144   (0)      8  : 0.2499 0.7501
145      145   (0)      8  : 0.2787 0.7212
146      146   (0)      8  : 0.2859 0.7141
147      147   (0)      8  : 0.2281 0.7719
148      148   (0)      8  : 0.0825 0.9175
149      149   (0)      8  : 0.2331 0.7669
150      150   (0)      8  : 0.4443 0.5557
151      151   (0)      8  : 0.0910 0.9090
152      152   (0)      8  : 0.2604 0.7396
153      153   (0)      8  : 0.1876 0.8124
154      154   (0)      8  : 0.2757 0.7242
155      155   (0)      8  : 0.3380 0.6620
156      156   (0)      8  : 0.2580 0.7420
157      157   (0)      8  : 0.1773 0.8227
158      158   (0)      8  : 0.1554 0.8446
159      159   (0)      8  : 0.3067 0.6933
160      160   (0)      8  : 0.4335 0.5665
161      161   (0)      8  : 0.1066 0.8934
162      162   (0)      8  : 0.2569 0.7431
163      163   (0)      8  : 0.7519 0.2481
164      164   (0)      8  : 0.1471 0.8529
165      165   (0)      8  : 0.1011 0.8989
166      166   (0)      8  : 0.1379 0.8621
167      167   (0)      8  : 0.2260 0.7740
168      168   (0)      8  : 0.3584 0.6416
169      169   (0)      8  : 0.1668 0.8333
170      170   (0)      8  : 0.0946 0.9054
171      171   (0)      8  : 0.1146 0.8854
